[debug] [2020-10-01T02:21:36.772Z] ----------------------------------------------------------------------
[debug] [2020-10-01T02:21:36.777Z] Command:       C:\Program Files\nodejs\node.exe C:\Users\meetv\AppData\Roaming\npm\node_modules\firebase-tools\lib\bin\firebase.js emulators:start
[debug] [2020-10-01T02:21:36.778Z] CLI Version:   8.11.2
[debug] [2020-10-01T02:21:36.778Z] Platform:      win32
[debug] [2020-10-01T02:21:36.778Z] Node Version:  v12.18.3
[debug] [2020-10-01T02:21:36.931Z] Time:          Thu Oct 01 2020 07:51:36 GMT+0530 (India Standard Time)
[debug] [2020-10-01T02:21:36.932Z] ----------------------------------------------------------------------
[debug] [2020-10-01T02:21:36.933Z] 
[debug] [2020-10-01T02:21:37.023Z] > command requires scopes: ["email","openid","https://www.googleapis.com/auth/cloudplatformprojects.readonly","https://www.googleapis.com/auth/firebase","https://www.googleapis.com/auth/cloud-platform"]
[debug] [2020-10-01T02:21:37.024Z] > authorizing via signed-in user
[info] i  emulators: Starting emulators: functions, hosting {"metadata":{"emulator":{"name":"hub"},"message":"Starting emulators: functions, hosting"}}
[debug] [2020-10-01T02:21:39.148Z] [hub] writing locator at C:\Users\meetv\AppData\Local\Temp\hub-challange-c1266.json
[warn] !  functions: The following emulators are not running, calls to these services from the Functions emulator will affect production: auth, firestore, database, pubsub {"metadata":{"emulator":{"name":"functions"},"message":"The following emulators are not running, calls to these services from the Functions emulator will affect production: \u001b[1mauth, firestore, database, pubsub\u001b[22m"}}
[info] +  functions: Using node@12 from host. {"metadata":{"emulator":{"name":"functions"},"message":"Using node@12 from host."}}
[debug] [2020-10-01T02:21:41.606Z] defaultcredentials: writing to file C:\Users\meetv\AppData\Roaming\firebase\meetvaghasiya2012_gmail_com_application_default_credentials.json
[debug] [2020-10-01T02:21:41.611Z] Setting GAC to C:\Users\meetv\AppData\Roaming\firebase\meetvaghasiya2012_gmail_com_application_default_credentials.json {"metadata":{"emulator":{"name":"functions"},"message":"Setting GAC to C:\\Users\\meetv\\AppData\\Roaming\\firebase\\meetvaghasiya2012_gmail_com_application_default_credentials.json"}}
[debug] [2020-10-01T02:21:43.643Z] > refreshing access token with scopes: ["email","https://www.googleapis.com/auth/cloud-platform","https://www.googleapis.com/auth/cloudplatformprojects.readonly","https://www.googleapis.com/auth/firebase","openid"]
[debug] [2020-10-01T02:21:43.644Z] >>> HTTP REQUEST POST https://www.googleapis.com/oauth2/v3/token  
 <request body omitted>
[debug] [2020-10-01T02:21:44.047Z] <<< HTTP RESPONSE 200 {"content-type":"application/json; charset=utf-8","vary":"X-Origin, Referer, Origin,Accept-Encoding","date":"Thu, 01 Oct 2020 02:21:44 GMT","server":"scaffolding on HTTPServer2","cache-control":"private","x-xss-protection":"0","x-frame-options":"SAMEORIGIN","x-content-type-options":"nosniff","alt-svc":"h3-Q050=\":443\"; ma=2592000,h3-29=\":443\"; ma=2592000,h3-27=\":443\"; ma=2592000,h3-T051=\":443\"; ma=2592000,h3-T050=\":443\"; ma=2592000,h3-Q046=\":443\"; ma=2592000,h3-Q043=\":443\"; ma=2592000,quic=\":443\"; ma=2592000; v=\"46,43\"","accept-ranges":"none","transfer-encoding":"chunked"}
[debug] [2020-10-01T02:21:44.188Z] >>> HTTP REQUEST GET https://firebase.googleapis.com/v1beta1/projects/challange-c1266/webApps/-/config  
 
[debug] [2020-10-01T02:21:46.389Z] <<< HTTP RESPONSE 200 {"content-type":"application/json; charset=UTF-8","vary":"X-Origin, Referer, Origin,Accept-Encoding","date":"Thu, 01 Oct 2020 02:21:47 GMT","server":"ESF","cache-control":"private","x-xss-protection":"0","x-frame-options":"SAMEORIGIN","x-content-type-options":"nosniff","alt-svc":"h3-Q050=\":443\"; ma=2592000,h3-29=\":443\"; ma=2592000,h3-27=\":443\"; ma=2592000,h3-T051=\":443\"; ma=2592000,h3-T050=\":443\"; ma=2592000,h3-Q046=\":443\"; ma=2592000,h3-Q043=\":443\"; ma=2592000,quic=\":443\"; ma=2592000; v=\"46,43\"","accept-ranges":"none","transfer-encoding":"chunked"}
[info] i  hosting: Serving hosting files from: public {"metadata":{"emulator":{"name":"hosting"},"message":"Serving hosting files from: \u001b[1mpublic\u001b[22m"}}
[info] +  hosting: Local server: http://localhost:5000 {"metadata":{"emulator":{"name":"hosting"},"message":"Local server: \u001b[4m\u001b[1mhttp://localhost:5000\u001b[22m\u001b[24m"}}
[debug] [2020-10-01T02:21:51.013Z] Ignoring unsupported arg: auto_download {"metadata":{"emulator":{"name":"ui"},"message":"Ignoring unsupported arg: auto_download"}}
[debug] [2020-10-01T02:21:51.014Z] Ignoring unsupported arg: port {"metadata":{"emulator":{"name":"ui"},"message":"Ignoring unsupported arg: port"}}
[debug] [2020-10-01T02:21:51.014Z] Starting Emulator UI with command {"binary":"node","args":["C:\\Users\\meetv\\.cache\\firebase\\emulators\\ui-v1.1.1\\server.bundle.js"],"optionalArgs":[],"joinArgs":false} {"metadata":{"emulator":{"name":"ui"},"message":"Starting Emulator UI with command {\"binary\":\"node\",\"args\":[\"C:\\\\Users\\\\meetv\\\\.cache\\\\firebase\\\\emulators\\\\ui-v1.1.1\\\\server.bundle.js\"],\"optionalArgs\":[],\"joinArgs\":false}"}}
[info] i  ui: Emulator UI logging to ui-debug.log {"metadata":{"emulator":{"name":"ui"},"message":"Emulator UI logging to \u001b[1mui-debug.log\u001b[22m"}}
[debug] [2020-10-01T02:21:51.366Z] Web / API server started at http://localhost:4000
 {"metadata":{"emulator":{"name":"ui"},"message":"Web / API server started at http://localhost:4000\n"}}
[info] i  functions: Watching "C:\Users\meetv\Desktop\amzon project\amazon-clone\functions" for Cloud Functions... {"metadata":{"emulator":{"name":"functions"},"message":"Watching \"C:\\Users\\meetv\\Desktop\\amzon project\\amazon-clone\\functions\" for Cloud Functions..."}}
[debug] [2020-10-01T02:21:51.858Z] [worker-pool] addWorker(~diagnostic~) {"metadata":{"emulator":{"name":"functions"},"message":"[worker-pool] addWorker(~diagnostic~)"}}
[debug] [2020-10-01T02:21:51.859Z] [worker-pool] Adding worker with key ~diagnostic~, total=1 {"metadata":{"emulator":{"name":"functions"},"message":"[worker-pool] Adding worker with key ~diagnostic~, total=1"}}
[debug] [2020-10-01T02:21:51.859Z] [worker-pool] submitWork(triggerId=) {"metadata":{"emulator":{"name":"functions"},"message":"[worker-pool] submitWork(triggerId=)"}}
[debug] [2020-10-01T02:21:51.860Z] [worker-~diagnostic~-109727fb-943d-47f3-9ff1-968dc653a6e2]: Assigning socketPath: \\?\pipe\C:\Users\meetv\Desktop\amzon project\amazon-clone\functions\13688 {"metadata":{"emulator":{"name":"functions"},"message":"[worker-~diagnostic~-109727fb-943d-47f3-9ff1-968dc653a6e2]: Assigning socketPath: \\\\?\\pipe\\C:\\Users\\meetv\\Desktop\\amzon project\\amazon-clone\\functions\\13688"}}
[debug] [2020-10-01T02:21:51.860Z] [worker-~diagnostic~-109727fb-943d-47f3-9ff1-968dc653a6e2]: BUSY {"metadata":{"emulator":{"name":"functions"},"message":"[worker-~diagnostic~-109727fb-943d-47f3-9ff1-968dc653a6e2]: BUSY"}}
[debug] [2020-10-01T02:21:52.674Z] [runtime-status] [13688] Functions runtime initialized. {"cwd":"C:\\Users\\meetv\\Desktop\\amzon project\\amazon-clone\\functions","node_version":"12.18.3"} {"metadata":{"emulator":{"name":"functions"},"message":"[runtime-status] [13688] Functions runtime initialized. {\"cwd\":\"C:\\\\Users\\\\meetv\\\\Desktop\\\\amzon project\\\\amazon-clone\\\\functions\",\"node_version\":\"12.18.3\"}"}}
[debug] [2020-10-01T02:21:52.677Z] [runtime-status] [13688] Disabled runtime features: undefined {"metadata":{"emulator":{"name":"functions"},"message":"[runtime-status] [13688] Disabled runtime features: undefined"}}
[debug] [2020-10-01T02:21:52.802Z] [runtime-status] [13688] Resolved module firebase-admin {"declared":true,"installed":true,"version":"8.13.0","resolution":"C:\\Users\\meetv\\Desktop\\amzon project\\amazon-clone\\functions\\node_modules\\firebase-admin\\lib\\index.js"} {"metadata":{"emulator":{"name":"functions"},"message":"[runtime-status] [13688] Resolved module firebase-admin {\"declared\":true,\"installed\":true,\"version\":\"8.13.0\",\"resolution\":\"C:\\\\Users\\\\meetv\\\\Desktop\\\\amzon project\\\\amazon-clone\\\\functions\\\\node_modules\\\\firebase-admin\\\\lib\\\\index.js\"}"}}
[debug] [2020-10-01T02:21:52.839Z] [runtime-status] [13688] Resolved module firebase-functions {"declared":true,"installed":true,"version":"3.11.0","resolution":"C:\\Users\\meetv\\Desktop\\amzon project\\amazon-clone\\functions\\node_modules\\firebase-functions\\lib\\index.js"} {"metadata":{"emulator":{"name":"functions"},"message":"[runtime-status] [13688] Resolved module firebase-functions {\"declared\":true,\"installed\":true,\"version\":\"3.11.0\",\"resolution\":\"C:\\\\Users\\\\meetv\\\\Desktop\\\\amzon project\\\\amazon-clone\\\\functions\\\\node_modules\\\\firebase-functions\\\\lib\\\\index.js\"}"}}
[debug] [2020-10-01T02:21:52.842Z] [runtime-status] [13688] Resolved module firebase-functions {"declared":true,"installed":true,"version":"3.11.0","resolution":"C:\\Users\\meetv\\Desktop\\amzon project\\amazon-clone\\functions\\node_modules\\firebase-functions\\lib\\index.js"} {"metadata":{"emulator":{"name":"functions"},"message":"[runtime-status] [13688] Resolved module firebase-functions {\"declared\":true,\"installed\":true,\"version\":\"3.11.0\",\"resolution\":\"C:\\\\Users\\\\meetv\\\\Desktop\\\\amzon project\\\\amazon-clone\\\\functions\\\\node_modules\\\\firebase-functions\\\\lib\\\\index.js\"}"}}
[debug] [2020-10-01T02:21:52.848Z] [runtime-status] [13688] Outgoing network have been stubbed. [{"name":"http","status":"mocked"},{"name":"http","status":"mocked"},{"name":"https","status":"mocked"},{"name":"https","status":"mocked"},{"name":"net","status":"mocked"}] {"metadata":{"emulator":{"name":"functions"},"message":"[runtime-status] [13688] Outgoing network have been stubbed. [{\"name\":\"http\",\"status\":\"mocked\"},{\"name\":\"http\",\"status\":\"mocked\"},{\"name\":\"https\",\"status\":\"mocked\"},{\"name\":\"https\",\"status\":\"mocked\"},{\"name\":\"net\",\"status\":\"mocked\"}]"}}
[debug] [2020-10-01T02:21:52.850Z] [runtime-status] [13688] Resolved module firebase-functions {"declared":true,"installed":true,"version":"3.11.0","resolution":"C:\\Users\\meetv\\Desktop\\amzon project\\amazon-clone\\functions\\node_modules\\firebase-functions\\lib\\index.js"} {"metadata":{"emulator":{"name":"functions"},"message":"[runtime-status] [13688] Resolved module firebase-functions {\"declared\":true,\"installed\":true,\"version\":\"3.11.0\",\"resolution\":\"C:\\\\Users\\\\meetv\\\\Desktop\\\\amzon project\\\\amazon-clone\\\\functions\\\\node_modules\\\\firebase-functions\\\\lib\\\\index.js\"}"}}
[debug] [2020-10-01T02:21:55.873Z] [runtime-status] [13688] Checked functions.config() {"config":{}} {"metadata":{"emulator":{"name":"functions"},"message":"[runtime-status] [13688] Checked functions.config() {\"config\":{}}"}}
[debug] [2020-10-01T02:21:55.873Z] [runtime-status] [13688] firebase-functions has been stubbed. {"functionsResolution":{"declared":true,"installed":true,"version":"3.11.0","resolution":"C:\\Users\\meetv\\Desktop\\amzon project\\amazon-clone\\functions\\node_modules\\firebase-functions\\lib\\index.js"}} {"metadata":{"emulator":{"name":"functions"},"message":"[runtime-status] [13688] firebase-functions has been stubbed. {\"functionsResolution\":{\"declared\":true,\"installed\":true,\"version\":\"3.11.0\",\"resolution\":\"C:\\\\Users\\\\meetv\\\\Desktop\\\\amzon project\\\\amazon-clone\\\\functions\\\\node_modules\\\\firebase-functions\\\\lib\\\\index.js\"}}"}}
[debug] [2020-10-01T02:21:55.875Z] [runtime-status] [13688] Resolved module firebase-functions {"declared":true,"installed":true,"version":"3.11.0","resolution":"C:\\Users\\meetv\\Desktop\\amzon project\\amazon-clone\\functions\\node_modules\\firebase-functions\\lib\\index.js"} {"metadata":{"emulator":{"name":"functions"},"message":"[runtime-status] [13688] Resolved module firebase-functions {\"declared\":true,\"installed\":true,\"version\":\"3.11.0\",\"resolution\":\"C:\\\\Users\\\\meetv\\\\Desktop\\\\amzon project\\\\amazon-clone\\\\functions\\\\node_modules\\\\firebase-functions\\\\lib\\\\index.js\"}"}}
[debug] [2020-10-01T02:21:55.878Z] [runtime-status] [13688] Resolved module firebase-admin {"declared":true,"installed":true,"version":"8.13.0","resolution":"C:\\Users\\meetv\\Desktop\\amzon project\\amazon-clone\\functions\\node_modules\\firebase-admin\\lib\\index.js"} {"metadata":{"emulator":{"name":"functions"},"message":"[runtime-status] [13688] Resolved module firebase-admin {\"declared\":true,\"installed\":true,\"version\":\"8.13.0\",\"resolution\":\"C:\\\\Users\\\\meetv\\\\Desktop\\\\amzon project\\\\amazon-clone\\\\functions\\\\node_modules\\\\firebase-admin\\\\lib\\\\index.js\"}"}}
[debug] [2020-10-01T02:21:55.879Z] [runtime-status] [13688] Resolved module firebase-functions {"declared":true,"installed":true,"version":"3.11.0","resolution":"C:\\Users\\meetv\\Desktop\\amzon project\\amazon-clone\\functions\\node_modules\\firebase-functions\\lib\\index.js"} {"metadata":{"emulator":{"name":"functions"},"message":"[runtime-status] [13688] Resolved module firebase-functions {\"declared\":true,\"installed\":true,\"version\":\"3.11.0\",\"resolution\":\"C:\\\\Users\\\\meetv\\\\Desktop\\\\amzon project\\\\amazon-clone\\\\functions\\\\node_modules\\\\firebase-functions\\\\lib\\\\index.js\"}"}}
[debug] [2020-10-01T02:21:55.880Z] [runtime-status] [13688] firebase-admin has been stubbed. {"adminResolution":{"declared":true,"installed":true,"version":"8.13.0","resolution":"C:\\Users\\meetv\\Desktop\\amzon project\\amazon-clone\\functions\\node_modules\\firebase-admin\\lib\\index.js"}} {"metadata":{"emulator":{"name":"functions"},"message":"[runtime-status] [13688] firebase-admin has been stubbed. {\"adminResolution\":{\"declared\":true,\"installed\":true,\"version\":\"8.13.0\",\"resolution\":\"C:\\\\Users\\\\meetv\\\\Desktop\\\\amzon project\\\\amazon-clone\\\\functions\\\\node_modules\\\\firebase-admin\\\\lib\\\\index.js\"}}"}}
[info] +  functions[api]: http function initialized (http://localhost:5001/challange-c1266/us-central1/api). {"metadata":{"emulator":{"name":"functions"},"message":"\u001b[1mhttp\u001b[22m function initialized (http://localhost:5001/challange-c1266/us-central1/api)."}}
[info] 
┌───────────────────────────────────────────────────────────────────────┐
│ ✔  All emulators ready! View status and logs at http://localhost:4000 │
└───────────────────────────────────────────────────────────────────────┘

┌───────────┬────────────────┬─────────────────────────────────┐
│ Emulator  │ Host:Port      │ View in Emulator UI             │
├───────────┼────────────────┼─────────────────────────────────┤
│ Functions │ localhost:5001 │ http://localhost:4000/functions │
├───────────┼────────────────┼─────────────────────────────────┤
│ Hosting   │ localhost:5000 │ n/a                             │
└───────────┴────────────────┴─────────────────────────────────┘
  Other reserved ports: 4400, 4500

Issues? Report them at https://github.com/firebase/firebase-tools/issues and attach the *-debug.log files.
 
[debug] [2020-10-01T02:22:06.648Z] [worker-~diagnostic~-109727fb-943d-47f3-9ff1-968dc653a6e2]: IDLE {"metadata":{"emulator":{"name":"functions"},"message":"[worker-~diagnostic~-109727fb-943d-47f3-9ff1-968dc653a6e2]: IDLE"}}
[debug] [2020-10-01T02:23:36.906Z] [work-queue] {"queueLength":1,"workRunningCount":0}
[debug] [2020-10-01T02:23:36.907Z] [work-queue] {"queueLength":0,"workRunningCount":1}
[debug] [2020-10-01T02:23:36.908Z] Accepted request GET /challange-c1266/us-central1/api --> api
[debug] [2020-10-01T02:23:36.917Z] [worker-pool] addWorker(api) {"metadata":{"emulator":{"name":"functions"},"message":"[worker-pool] addWorker(api)"}}
[debug] [2020-10-01T02:23:36.918Z] [worker-pool] Adding worker with key api, total=1 {"metadata":{"emulator":{"name":"functions"},"message":"[worker-pool] Adding worker with key api, total=1"}}
[debug] [2020-10-01T02:23:36.918Z] [worker-pool] submitWork(triggerId=api) {"metadata":{"emulator":{"name":"functions"},"message":"[worker-pool] submitWork(triggerId=api)"}}
[debug] [2020-10-01T02:23:36.919Z] [worker-api-02119067-0c97-4f91-a1bd-c273f8e9382e]: Assigning socketPath: \\?\pipe\C:\Users\meetv\Desktop\amzon project\amazon-clone\functions\15004 {"metadata":{"emulator":{"name":"functions"},"message":"[worker-api-02119067-0c97-4f91-a1bd-c273f8e9382e]: Assigning socketPath: \\\\?\\pipe\\C:\\Users\\meetv\\Desktop\\amzon project\\amazon-clone\\functions\\15004"}}
[debug] [2020-10-01T02:23:36.919Z] [worker-api-02119067-0c97-4f91-a1bd-c273f8e9382e]: BUSY {"metadata":{"emulator":{"name":"functions"},"message":"[worker-api-02119067-0c97-4f91-a1bd-c273f8e9382e]: BUSY"}}
[debug] [2020-10-01T02:23:38.094Z] [runtime-status] [15004] Functions runtime initialized. {"cwd":"C:\\Users\\meetv\\Desktop\\amzon project\\amazon-clone\\functions","node_version":"12.18.3"} {"metadata":{"emulator":{"name":"functions"},"function":{"name":"api"},"message":"[runtime-status] [15004] Functions runtime initialized. {\"cwd\":\"C:\\\\Users\\\\meetv\\\\Desktop\\\\amzon project\\\\amazon-clone\\\\functions\",\"node_version\":\"12.18.3\"}"}}
[debug] [2020-10-01T02:23:38.099Z] [runtime-status] [15004] Disabled runtime features: undefined {"metadata":{"emulator":{"name":"functions"},"function":{"name":"api"},"message":"[runtime-status] [15004] Disabled runtime features: undefined"}}
[debug] [2020-10-01T02:23:38.117Z] [runtime-status] [15004] Resolved module firebase-admin {"declared":true,"installed":true,"version":"8.13.0","resolution":"C:\\Users\\meetv\\Desktop\\amzon project\\amazon-clone\\functions\\node_modules\\firebase-admin\\lib\\index.js"} {"metadata":{"emulator":{"name":"functions"},"function":{"name":"api"},"message":"[runtime-status] [15004] Resolved module firebase-admin {\"declared\":true,\"installed\":true,\"version\":\"8.13.0\",\"resolution\":\"C:\\\\Users\\\\meetv\\\\Desktop\\\\amzon project\\\\amazon-clone\\\\functions\\\\node_modules\\\\firebase-admin\\\\lib\\\\index.js\"}"}}
[debug] [2020-10-01T02:23:38.123Z] [runtime-status] [15004] Resolved module firebase-functions {"declared":true,"installed":true,"version":"3.11.0","resolution":"C:\\Users\\meetv\\Desktop\\amzon project\\amazon-clone\\functions\\node_modules\\firebase-functions\\lib\\index.js"} {"metadata":{"emulator":{"name":"functions"},"function":{"name":"api"},"message":"[runtime-status] [15004] Resolved module firebase-functions {\"declared\":true,\"installed\":true,\"version\":\"3.11.0\",\"resolution\":\"C:\\\\Users\\\\meetv\\\\Desktop\\\\amzon project\\\\amazon-clone\\\\functions\\\\node_modules\\\\firebase-functions\\\\lib\\\\index.js\"}"}}
[debug] [2020-10-01T02:23:38.126Z] [runtime-status] [15004] Resolved module firebase-functions {"declared":true,"installed":true,"version":"3.11.0","resolution":"C:\\Users\\meetv\\Desktop\\amzon project\\amazon-clone\\functions\\node_modules\\firebase-functions\\lib\\index.js"} {"metadata":{"emulator":{"name":"functions"},"function":{"name":"api"},"message":"[runtime-status] [15004] Resolved module firebase-functions {\"declared\":true,\"installed\":true,\"version\":\"3.11.0\",\"resolution\":\"C:\\\\Users\\\\meetv\\\\Desktop\\\\amzon project\\\\amazon-clone\\\\functions\\\\node_modules\\\\firebase-functions\\\\lib\\\\index.js\"}"}}
[debug] [2020-10-01T02:23:38.129Z] [runtime-status] [15004] Outgoing network have been stubbed. [{"name":"http","status":"mocked"},{"name":"http","status":"mocked"},{"name":"https","status":"mocked"},{"name":"https","status":"mocked"},{"name":"net","status":"mocked"}] {"metadata":{"emulator":{"name":"functions"},"function":{"name":"api"},"message":"[runtime-status] [15004] Outgoing network have been stubbed. [{\"name\":\"http\",\"status\":\"mocked\"},{\"name\":\"http\",\"status\":\"mocked\"},{\"name\":\"https\",\"status\":\"mocked\"},{\"name\":\"https\",\"status\":\"mocked\"},{\"name\":\"net\",\"status\":\"mocked\"}]"}}
[debug] [2020-10-01T02:23:38.131Z] [runtime-status] [15004] Resolved module firebase-functions {"declared":true,"installed":true,"version":"3.11.0","resolution":"C:\\Users\\meetv\\Desktop\\amzon project\\amazon-clone\\functions\\node_modules\\firebase-functions\\lib\\index.js"} {"metadata":{"emulator":{"name":"functions"},"function":{"name":"api"},"message":"[runtime-status] [15004] Resolved module firebase-functions {\"declared\":true,\"installed\":true,\"version\":\"3.11.0\",\"resolution\":\"C:\\\\Users\\\\meetv\\\\Desktop\\\\amzon project\\\\amazon-clone\\\\functions\\\\node_modules\\\\firebase-functions\\\\lib\\\\index.js\"}"}}
[debug] [2020-10-01T02:23:38.245Z] [runtime-status] [15004] Checked functions.config() {"config":{}} {"metadata":{"emulator":{"name":"functions"},"function":{"name":"api"},"message":"[runtime-status] [15004] Checked functions.config() {\"config\":{}}"}}
[debug] [2020-10-01T02:23:38.246Z] [runtime-status] [15004] firebase-functions has been stubbed. {"functionsResolution":{"declared":true,"installed":true,"version":"3.11.0","resolution":"C:\\Users\\meetv\\Desktop\\amzon project\\amazon-clone\\functions\\node_modules\\firebase-functions\\lib\\index.js"}} {"metadata":{"emulator":{"name":"functions"},"function":{"name":"api"},"message":"[runtime-status] [15004] firebase-functions has been stubbed. {\"functionsResolution\":{\"declared\":true,\"installed\":true,\"version\":\"3.11.0\",\"resolution\":\"C:\\\\Users\\\\meetv\\\\Desktop\\\\amzon project\\\\amazon-clone\\\\functions\\\\node_modules\\\\firebase-functions\\\\lib\\\\index.js\"}}"}}
[debug] [2020-10-01T02:23:38.247Z] [runtime-status] [15004] Resolved module firebase-functions {"declared":true,"installed":true,"version":"3.11.0","resolution":"C:\\Users\\meetv\\Desktop\\amzon project\\amazon-clone\\functions\\node_modules\\firebase-functions\\lib\\index.js"} {"metadata":{"emulator":{"name":"functions"},"function":{"name":"api"},"message":"[runtime-status] [15004] Resolved module firebase-functions {\"declared\":true,\"installed\":true,\"version\":\"3.11.0\",\"resolution\":\"C:\\\\Users\\\\meetv\\\\Desktop\\\\amzon project\\\\amazon-clone\\\\functions\\\\node_modules\\\\firebase-functions\\\\lib\\\\index.js\"}"}}
[debug] [2020-10-01T02:23:38.250Z] [runtime-status] [15004] Resolved module firebase-admin {"declared":true,"installed":true,"version":"8.13.0","resolution":"C:\\Users\\meetv\\Desktop\\amzon project\\amazon-clone\\functions\\node_modules\\firebase-admin\\lib\\index.js"} {"metadata":{"emulator":{"name":"functions"},"function":{"name":"api"},"message":"[runtime-status] [15004] Resolved module firebase-admin {\"declared\":true,\"installed\":true,\"version\":\"8.13.0\",\"resolution\":\"C:\\\\Users\\\\meetv\\\\Desktop\\\\amzon project\\\\amazon-clone\\\\functions\\\\node_modules\\\\firebase-admin\\\\lib\\\\index.js\"}"}}
[debug] [2020-10-01T02:23:38.251Z] [runtime-status] [15004] Resolved module firebase-functions {"declared":true,"installed":true,"version":"3.11.0","resolution":"C:\\Users\\meetv\\Desktop\\amzon project\\amazon-clone\\functions\\node_modules\\firebase-functions\\lib\\index.js"} {"metadata":{"emulator":{"name":"functions"},"function":{"name":"api"},"message":"[runtime-status] [15004] Resolved module firebase-functions {\"declared\":true,\"installed\":true,\"version\":\"3.11.0\",\"resolution\":\"C:\\\\Users\\\\meetv\\\\Desktop\\\\amzon project\\\\amazon-clone\\\\functions\\\\node_modules\\\\firebase-functions\\\\lib\\\\index.js\"}"}}
[debug] [2020-10-01T02:23:38.252Z] [runtime-status] [15004] firebase-admin has been stubbed. {"adminResolution":{"declared":true,"installed":true,"version":"8.13.0","resolution":"C:\\Users\\meetv\\Desktop\\amzon project\\amazon-clone\\functions\\node_modules\\firebase-admin\\lib\\index.js"}} {"metadata":{"emulator":{"name":"functions"},"function":{"name":"api"},"message":"[runtime-status] [15004] firebase-admin has been stubbed. {\"adminResolution\":{\"declared\":true,\"installed\":true,\"version\":\"8.13.0\",\"resolution\":\"C:\\\\Users\\\\meetv\\\\Desktop\\\\amzon project\\\\amazon-clone\\\\functions\\\\node_modules\\\\firebase-admin\\\\lib\\\\index.js\"}}"}}
[debug] [2020-10-01T02:23:38.812Z] [runtime-status] [15004] Trigger "api" has been found, beginning invocation! {"metadata":{"emulator":{"name":"functions"},"function":{"name":"api"},"message":"[runtime-status] [15004] Trigger \"api\" has been found, beginning invocation!"}}
[info] i  functions: Beginning execution of "api" {"metadata":{"emulator":{"name":"functions"},"function":{"name":"api"},"message":"Beginning execution of \"api\""}}
[debug] [2020-10-01T02:23:38.814Z] [runtime-status] [15004] triggerDefinition {"httpsTrigger":{},"name":"api","entryPoint":"api"} {"metadata":{"emulator":{"name":"functions"},"function":{"name":"api"},"message":"[runtime-status] [15004] triggerDefinition {\"httpsTrigger\":{},\"name\":\"api\",\"entryPoint\":\"api\"}"}}
[debug] [2020-10-01T02:23:38.815Z] [runtime-status] [15004] Running api in mode HTTPS {"metadata":{"emulator":{"name":"functions"},"function":{"name":"api"},"message":"[runtime-status] [15004] Running api in mode HTTPS"}}
[debug] [2020-10-01T02:23:38.822Z] [runtime-status] [15004] Attempting to listen to socketPath: \\?\pipe\C:\Users\meetv\Desktop\amzon project\amazon-clone\functions\15004 {"metadata":{"emulator":{"name":"functions"},"function":{"name":"api"},"message":"[runtime-status] [15004] Attempting to listen to socketPath: \\\\?\\pipe\\C:\\Users\\meetv\\Desktop\\amzon project\\amazon-clone\\functions\\15004"}}
[debug] [2020-10-01T02:23:38.826Z] [functions] Runtime ready! Sending request! {"metadata":{"emulator":{"name":"functions"},"message":"[functions] Runtime ready! Sending request!"}}
[debug] [2020-10-01T02:23:38.839Z] [runtime-status] [15004] Ephemeral server handling GET request {"metadata":{"emulator":{"name":"functions"},"function":{"name":"api"},"message":"[runtime-status] [15004] Ephemeral server handling GET request"}}
[debug] [2020-10-01T02:23:38.849Z] [runtime-status] [15004] Ephemeral server survived. {"metadata":{"emulator":{"name":"functions"},"function":{"name":"api"},"message":"[runtime-status] [15004] Ephemeral server survived."}}
[info] i  functions: Finished "api" in ~1s {"metadata":{"emulator":{"name":"functions"},"function":{"name":"api"},"message":"Finished \"api\" in ~1s"}}
[debug] [2020-10-01T02:23:38.855Z] [worker-api-02119067-0c97-4f91-a1bd-c273f8e9382e]: IDLE {"metadata":{"emulator":{"name":"functions"},"message":"[worker-api-02119067-0c97-4f91-a1bd-c273f8e9382e]: IDLE"}}
[debug] [2020-10-01T02:23:38.856Z] [work-queue] {"queueLength":0,"workRunningCount":0}
[debug] [2020-10-01T02:23:39.199Z] Functions emulator received unknown request at path /favicon.ico
[debug] [2020-10-01T02:31:55.487Z] Received signal SIGHUP 1
[debug] [2020-10-01T03:30:35.625Z] ----------------------------------------------------------------------
[debug] [2020-10-01T03:30:35.630Z] Command:       C:\Program Files\nodejs\node.exe C:\Users\meetv\AppData\Roaming\npm\node_modules\firebase-tools\lib\bin\firebase.js emulators:start
[debug] [2020-10-01T03:30:35.631Z] CLI Version:   8.11.2
[debug] [2020-10-01T03:30:35.631Z] Platform:      win32
[debug] [2020-10-01T03:30:35.631Z] Node Version:  v12.18.3
[debug] [2020-10-01T03:30:35.633Z] Time:          Thu Oct 01 2020 09:00:35 GMT+0530 (India Standard Time)
[debug] [2020-10-01T03:30:35.633Z] ----------------------------------------------------------------------
[debug] [2020-10-01T03:30:35.633Z] 
[debug] [2020-10-01T03:30:35.685Z] > command requires scopes: ["email","openid","https://www.googleapis.com/auth/cloudplatformprojects.readonly","https://www.googleapis.com/auth/firebase","https://www.googleapis.com/auth/cloud-platform"]
[debug] [2020-10-01T03:30:35.686Z] > authorizing via signed-in user
[info] i  emulators: Starting emulators: functions, hosting {"metadata":{"emulator":{"name":"hub"},"message":"Starting emulators: functions, hosting"}}
[warn] !  emulators: It seems that you are running multiple instances of the emulator suite for project challange-c1266. This may result in unexpected behavior. 
[debug] [2020-10-01T03:30:37.742Z] [hub] writing locator at C:\Users\meetv\AppData\Local\Temp\hub-challange-c1266.json
[warn] !  functions: The following emulators are not running, calls to these services from the Functions emulator will affect production: auth, firestore, database, pubsub {"metadata":{"emulator":{"name":"functions"},"message":"The following emulators are not running, calls to these services from the Functions emulator will affect production: \u001b[1mauth, firestore, database, pubsub\u001b[22m"}}
[info] +  functions: Using node@12 from host. {"metadata":{"emulator":{"name":"functions"},"message":"Using node@12 from host."}}
[debug] [2020-10-01T03:30:39.831Z] defaultcredentials: writing to file C:\Users\meetv\AppData\Roaming\firebase\meetvaghasiya2012_gmail_com_application_default_credentials.json
[debug] [2020-10-01T03:30:39.836Z] Setting GAC to C:\Users\meetv\AppData\Roaming\firebase\meetvaghasiya2012_gmail_com_application_default_credentials.json {"metadata":{"emulator":{"name":"functions"},"message":"Setting GAC to C:\\Users\\meetv\\AppData\\Roaming\\firebase\\meetvaghasiya2012_gmail_com_application_default_credentials.json"}}
[debug] [2020-10-01T03:30:41.860Z] > refreshing access token with scopes: ["email","https://www.googleapis.com/auth/cloud-platform","https://www.googleapis.com/auth/cloudplatformprojects.readonly","https://www.googleapis.com/auth/firebase","openid"]
[debug] [2020-10-01T03:30:41.860Z] >>> HTTP REQUEST POST https://www.googleapis.com/oauth2/v3/token  
 <request body omitted>
[debug] [2020-10-01T03:30:42.335Z] <<< HTTP RESPONSE 200 {"content-type":"application/json; charset=utf-8","vary":"X-Origin, Referer, Origin,Accept-Encoding","date":"Thu, 01 Oct 2020 03:30:43 GMT","server":"scaffolding on HTTPServer2","cache-control":"private","x-xss-protection":"0","x-frame-options":"SAMEORIGIN","x-content-type-options":"nosniff","alt-svc":"h3-Q050=\":443\"; ma=2592000,h3-29=\":443\"; ma=2592000,h3-27=\":443\"; ma=2592000,h3-T051=\":443\"; ma=2592000,h3-T050=\":443\"; ma=2592000,h3-Q046=\":443\"; ma=2592000,h3-Q043=\":443\"; ma=2592000,quic=\":443\"; ma=2592000; v=\"46,43\"","accept-ranges":"none","transfer-encoding":"chunked"}
[debug] [2020-10-01T03:30:42.422Z] >>> HTTP REQUEST GET https://firebase.googleapis.com/v1beta1/projects/challange-c1266/webApps/-/config  
 
[debug] [2020-10-01T03:30:55.963Z] fetchWebSetup error: FirebaseError: Server Error. Client network socket disconnected before secure TLS connection was established
[warn] !  hosting: Using web app configuration from cache. 
[info] i  hosting: Serving hosting files from: public {"metadata":{"emulator":{"name":"hosting"},"message":"Serving hosting files from: \u001b[1mpublic\u001b[22m"}}
[info] +  hosting: Local server: http://localhost:5000 {"metadata":{"emulator":{"name":"hosting"},"message":"Local server: \u001b[4m\u001b[1mhttp://localhost:5000\u001b[22m\u001b[24m"}}
[warn] !  ui: Emulator UI unable to start on port 4000, starting on 4001 instead. {"metadata":{"emulator":{"name":"ui"},"message":"Emulator UI unable to start on port 4000, starting on 4001 instead."}}
[debug] [2020-10-01T03:30:58.179Z] Ignoring unsupported arg: auto_download {"metadata":{"emulator":{"name":"ui"},"message":"Ignoring unsupported arg: auto_download"}}
[debug] [2020-10-01T03:30:58.179Z] Ignoring unsupported arg: port {"metadata":{"emulator":{"name":"ui"},"message":"Ignoring unsupported arg: port"}}
[debug] [2020-10-01T03:30:58.179Z] Starting Emulator UI with command {"binary":"node","args":["C:\\Users\\meetv\\.cache\\firebase\\emulators\\ui-v1.1.1\\server.bundle.js"],"optionalArgs":[],"joinArgs":false} {"metadata":{"emulator":{"name":"ui"},"message":"Starting Emulator UI with command {\"binary\":\"node\",\"args\":[\"C:\\\\Users\\\\meetv\\\\.cache\\\\firebase\\\\emulators\\\\ui-v1.1.1\\\\server.bundle.js\"],\"optionalArgs\":[],\"joinArgs\":false}"}}
[info] i  ui: Emulator UI logging to ui-debug.log {"metadata":{"emulator":{"name":"ui"},"message":"Emulator UI logging to \u001b[1mui-debug.log\u001b[22m"}}
[debug] [2020-10-01T03:30:58.422Z] Web / API server started at http://localhost:4001
 {"metadata":{"emulator":{"name":"ui"},"message":"Web / API server started at http://localhost:4001\n"}}
[info] i  functions: Watching "C:\Users\meetv\Desktop\amzon project\amazon-clone\functions" for Cloud Functions... {"metadata":{"emulator":{"name":"functions"},"message":"Watching \"C:\\Users\\meetv\\Desktop\\amzon project\\amazon-clone\\functions\" for Cloud Functions..."}}
[debug] [2020-10-01T03:30:58.732Z] [worker-pool] addWorker(~diagnostic~) {"metadata":{"emulator":{"name":"functions"},"message":"[worker-pool] addWorker(~diagnostic~)"}}
[debug] [2020-10-01T03:30:58.732Z] [worker-pool] Adding worker with key ~diagnostic~, total=1 {"metadata":{"emulator":{"name":"functions"},"message":"[worker-pool] Adding worker with key ~diagnostic~, total=1"}}
[debug] [2020-10-01T03:30:58.732Z] [worker-pool] submitWork(triggerId=) {"metadata":{"emulator":{"name":"functions"},"message":"[worker-pool] submitWork(triggerId=)"}}
[debug] [2020-10-01T03:30:58.733Z] [worker-~diagnostic~-8fe0cd65-38c9-4feb-a514-e69bfc691bc2]: Assigning socketPath: \\?\pipe\C:\Users\meetv\Desktop\amzon project\amazon-clone\functions\24372 {"metadata":{"emulator":{"name":"functions"},"message":"[worker-~diagnostic~-8fe0cd65-38c9-4feb-a514-e69bfc691bc2]: Assigning socketPath: \\\\?\\pipe\\C:\\Users\\meetv\\Desktop\\amzon project\\amazon-clone\\functions\\24372"}}
[debug] [2020-10-01T03:30:58.733Z] [worker-~diagnostic~-8fe0cd65-38c9-4feb-a514-e69bfc691bc2]: BUSY {"metadata":{"emulator":{"name":"functions"},"message":"[worker-~diagnostic~-8fe0cd65-38c9-4feb-a514-e69bfc691bc2]: BUSY"}}
[debug] [2020-10-01T03:30:59.232Z] [runtime-status] [24372] Functions runtime initialized. {"cwd":"C:\\Users\\meetv\\Desktop\\amzon project\\amazon-clone\\functions","node_version":"12.18.3"} {"metadata":{"emulator":{"name":"functions"},"message":"[runtime-status] [24372] Functions runtime initialized. {\"cwd\":\"C:\\\\Users\\\\meetv\\\\Desktop\\\\amzon project\\\\amazon-clone\\\\functions\",\"node_version\":\"12.18.3\"}"}}
[debug] [2020-10-01T03:30:59.234Z] [runtime-status] [24372] Disabled runtime features: undefined {"metadata":{"emulator":{"name":"functions"},"message":"[runtime-status] [24372] Disabled runtime features: undefined"}}
[debug] [2020-10-01T03:30:59.241Z] [runtime-status] [24372] Resolved module firebase-admin {"declared":true,"installed":true,"version":"8.13.0","resolution":"C:\\Users\\meetv\\Desktop\\amzon project\\amazon-clone\\functions\\node_modules\\firebase-admin\\lib\\index.js"} {"metadata":{"emulator":{"name":"functions"},"message":"[runtime-status] [24372] Resolved module firebase-admin {\"declared\":true,\"installed\":true,\"version\":\"8.13.0\",\"resolution\":\"C:\\\\Users\\\\meetv\\\\Desktop\\\\amzon project\\\\amazon-clone\\\\functions\\\\node_modules\\\\firebase-admin\\\\lib\\\\index.js\"}"}}
[debug] [2020-10-01T03:30:59.244Z] [runtime-status] [24372] Resolved module firebase-functions {"declared":true,"installed":true,"version":"3.11.0","resolution":"C:\\Users\\meetv\\Desktop\\amzon project\\amazon-clone\\functions\\node_modules\\firebase-functions\\lib\\index.js"} {"metadata":{"emulator":{"name":"functions"},"message":"[runtime-status] [24372] Resolved module firebase-functions {\"declared\":true,\"installed\":true,\"version\":\"3.11.0\",\"resolution\":\"C:\\\\Users\\\\meetv\\\\Desktop\\\\amzon project\\\\amazon-clone\\\\functions\\\\node_modules\\\\firebase-functions\\\\lib\\\\index.js\"}"}}
[debug] [2020-10-01T03:30:59.245Z] [runtime-status] [24372] Resolved module firebase-functions {"declared":true,"installed":true,"version":"3.11.0","resolution":"C:\\Users\\meetv\\Desktop\\amzon project\\amazon-clone\\functions\\node_modules\\firebase-functions\\lib\\index.js"} {"metadata":{"emulator":{"name":"functions"},"message":"[runtime-status] [24372] Resolved module firebase-functions {\"declared\":true,\"installed\":true,\"version\":\"3.11.0\",\"resolution\":\"C:\\\\Users\\\\meetv\\\\Desktop\\\\amzon project\\\\amazon-clone\\\\functions\\\\node_modules\\\\firebase-functions\\\\lib\\\\index.js\"}"}}
[debug] [2020-10-01T03:30:59.246Z] [runtime-status] [24372] Outgoing network have been stubbed. [{"name":"http","status":"mocked"},{"name":"http","status":"mocked"},{"name":"https","status":"mocked"},{"name":"https","status":"mocked"},{"name":"net","status":"mocked"}] {"metadata":{"emulator":{"name":"functions"},"message":"[runtime-status] [24372] Outgoing network have been stubbed. [{\"name\":\"http\",\"status\":\"mocked\"},{\"name\":\"http\",\"status\":\"mocked\"},{\"name\":\"https\",\"status\":\"mocked\"},{\"name\":\"https\",\"status\":\"mocked\"},{\"name\":\"net\",\"status\":\"mocked\"}]"}}
[debug] [2020-10-01T03:30:59.247Z] [runtime-status] [24372] Resolved module firebase-functions {"declared":true,"installed":true,"version":"3.11.0","resolution":"C:\\Users\\meetv\\Desktop\\amzon project\\amazon-clone\\functions\\node_modules\\firebase-functions\\lib\\index.js"} {"metadata":{"emulator":{"name":"functions"},"message":"[runtime-status] [24372] Resolved module firebase-functions {\"declared\":true,\"installed\":true,\"version\":\"3.11.0\",\"resolution\":\"C:\\\\Users\\\\meetv\\\\Desktop\\\\amzon project\\\\amazon-clone\\\\functions\\\\node_modules\\\\firebase-functions\\\\lib\\\\index.js\"}"}}
[debug] [2020-10-01T03:30:59.296Z] [runtime-status] [24372] Checked functions.config() {"config":{}} {"metadata":{"emulator":{"name":"functions"},"message":"[runtime-status] [24372] Checked functions.config() {\"config\":{}}"}}
[debug] [2020-10-01T03:30:59.296Z] [runtime-status] [24372] firebase-functions has been stubbed. {"functionsResolution":{"declared":true,"installed":true,"version":"3.11.0","resolution":"C:\\Users\\meetv\\Desktop\\amzon project\\amazon-clone\\functions\\node_modules\\firebase-functions\\lib\\index.js"}} {"metadata":{"emulator":{"name":"functions"},"message":"[runtime-status] [24372] firebase-functions has been stubbed. {\"functionsResolution\":{\"declared\":true,\"installed\":true,\"version\":\"3.11.0\",\"resolution\":\"C:\\\\Users\\\\meetv\\\\Desktop\\\\amzon project\\\\amazon-clone\\\\functions\\\\node_modules\\\\firebase-functions\\\\lib\\\\index.js\"}}"}}
[debug] [2020-10-01T03:30:59.297Z] [runtime-status] [24372] Resolved module firebase-functions {"declared":true,"installed":true,"version":"3.11.0","resolution":"C:\\Users\\meetv\\Desktop\\amzon project\\amazon-clone\\functions\\node_modules\\firebase-functions\\lib\\index.js"} {"metadata":{"emulator":{"name":"functions"},"message":"[runtime-status] [24372] Resolved module firebase-functions {\"declared\":true,\"installed\":true,\"version\":\"3.11.0\",\"resolution\":\"C:\\\\Users\\\\meetv\\\\Desktop\\\\amzon project\\\\amazon-clone\\\\functions\\\\node_modules\\\\firebase-functions\\\\lib\\\\index.js\"}"}}
[debug] [2020-10-01T03:30:59.298Z] [runtime-status] [24372] Resolved module firebase-admin {"declared":true,"installed":true,"version":"8.13.0","resolution":"C:\\Users\\meetv\\Desktop\\amzon project\\amazon-clone\\functions\\node_modules\\firebase-admin\\lib\\index.js"} {"metadata":{"emulator":{"name":"functions"},"message":"[runtime-status] [24372] Resolved module firebase-admin {\"declared\":true,\"installed\":true,\"version\":\"8.13.0\",\"resolution\":\"C:\\\\Users\\\\meetv\\\\Desktop\\\\amzon project\\\\amazon-clone\\\\functions\\\\node_modules\\\\firebase-admin\\\\lib\\\\index.js\"}"}}
[debug] [2020-10-01T03:30:59.299Z] [runtime-status] [24372] Resolved module firebase-functions {"declared":true,"installed":true,"version":"3.11.0","resolution":"C:\\Users\\meetv\\Desktop\\amzon project\\amazon-clone\\functions\\node_modules\\firebase-functions\\lib\\index.js"} {"metadata":{"emulator":{"name":"functions"},"message":"[runtime-status] [24372] Resolved module firebase-functions {\"declared\":true,\"installed\":true,\"version\":\"3.11.0\",\"resolution\":\"C:\\\\Users\\\\meetv\\\\Desktop\\\\amzon project\\\\amazon-clone\\\\functions\\\\node_modules\\\\firebase-functions\\\\lib\\\\index.js\"}"}}
[debug] [2020-10-01T03:30:59.299Z] [runtime-status] [24372] firebase-admin has been stubbed. {"adminResolution":{"declared":true,"installed":true,"version":"8.13.0","resolution":"C:\\Users\\meetv\\Desktop\\amzon project\\amazon-clone\\functions\\node_modules\\firebase-admin\\lib\\index.js"}} {"metadata":{"emulator":{"name":"functions"},"message":"[runtime-status] [24372] firebase-admin has been stubbed. {\"adminResolution\":{\"declared\":true,\"installed\":true,\"version\":\"8.13.0\",\"resolution\":\"C:\\\\Users\\\\meetv\\\\Desktop\\\\amzon project\\\\amazon-clone\\\\functions\\\\node_modules\\\\firebase-admin\\\\lib\\\\index.js\"}}"}}
[info] +  functions[api]: http function initialized (http://localhost:5001/challange-c1266/us-central1/api). {"metadata":{"emulator":{"name":"functions"},"message":"\u001b[1mhttp\u001b[22m function initialized (http://localhost:5001/challange-c1266/us-central1/api)."}}
[info] 
┌───────────────────────────────────────────────────────────────────────┐
│ ✔  All emulators ready! View status and logs at http://localhost:4001 │
└───────────────────────────────────────────────────────────────────────┘

┌───────────┬────────────────┬─────────────────────────────────┐
│ Emulator  │ Host:Port      │ View in Emulator UI             │
├───────────┼────────────────┼─────────────────────────────────┤
│ Functions │ localhost:5001 │ http://localhost:4001/functions │
├───────────┼────────────────┼─────────────────────────────────┤
│ Hosting   │ localhost:5000 │ n/a                             │
└───────────┴────────────────┴─────────────────────────────────┘
  Other reserved ports: 4400, 4500

Issues? Report them at https://github.com/firebase/firebase-tools/issues and attach the *-debug.log files.
 
[debug] [2020-10-01T03:30:59.499Z] [worker-~diagnostic~-8fe0cd65-38c9-4feb-a514-e69bfc691bc2]: IDLE {"metadata":{"emulator":{"name":"functions"},"message":"[worker-~diagnostic~-8fe0cd65-38c9-4feb-a514-e69bfc691bc2]: IDLE"}}
[debug] [2020-10-01T03:33:21.625Z] [work-queue] {"queueLength":1,"workRunningCount":0}
[debug] [2020-10-01T03:33:21.626Z] [work-queue] {"queueLength":0,"workRunningCount":1}
[debug] [2020-10-01T03:33:21.627Z] Accepted request POST /challange-c1266/us-central1/api/payments/create?total=5998 --> api
[debug] [2020-10-01T03:33:21.637Z] [worker-pool] addWorker(api) {"metadata":{"emulator":{"name":"functions"},"message":"[worker-pool] addWorker(api)"}}
[debug] [2020-10-01T03:33:21.637Z] [worker-pool] Adding worker with key api, total=1 {"metadata":{"emulator":{"name":"functions"},"message":"[worker-pool] Adding worker with key api, total=1"}}
[debug] [2020-10-01T03:33:21.638Z] [worker-pool] submitWork(triggerId=api) {"metadata":{"emulator":{"name":"functions"},"message":"[worker-pool] submitWork(triggerId=api)"}}
[debug] [2020-10-01T03:33:21.638Z] [worker-api-a16f949c-8249-4561-9c48-f209e4802dc5]: Assigning socketPath: \\?\pipe\C:\Users\meetv\Desktop\amzon project\amazon-clone\functions\10464 {"metadata":{"emulator":{"name":"functions"},"message":"[worker-api-a16f949c-8249-4561-9c48-f209e4802dc5]: Assigning socketPath: \\\\?\\pipe\\C:\\Users\\meetv\\Desktop\\amzon project\\amazon-clone\\functions\\10464"}}
[debug] [2020-10-01T03:33:21.638Z] [worker-api-a16f949c-8249-4561-9c48-f209e4802dc5]: BUSY {"metadata":{"emulator":{"name":"functions"},"message":"[worker-api-a16f949c-8249-4561-9c48-f209e4802dc5]: BUSY"}}
[debug] [2020-10-01T03:33:22.738Z] [runtime-status] [10464] Functions runtime initialized. {"cwd":"C:\\Users\\meetv\\Desktop\\amzon project\\amazon-clone\\functions","node_version":"12.18.3"} {"metadata":{"emulator":{"name":"functions"},"function":{"name":"api"},"message":"[runtime-status] [10464] Functions runtime initialized. {\"cwd\":\"C:\\\\Users\\\\meetv\\\\Desktop\\\\amzon project\\\\amazon-clone\\\\functions\",\"node_version\":\"12.18.3\"}"}}
[debug] [2020-10-01T03:33:22.742Z] [runtime-status] [10464] Disabled runtime features: undefined {"metadata":{"emulator":{"name":"functions"},"function":{"name":"api"},"message":"[runtime-status] [10464] Disabled runtime features: undefined"}}
[debug] [2020-10-01T03:33:22.753Z] [runtime-status] [10464] Resolved module firebase-admin {"declared":true,"installed":true,"version":"8.13.0","resolution":"C:\\Users\\meetv\\Desktop\\amzon project\\amazon-clone\\functions\\node_modules\\firebase-admin\\lib\\index.js"} {"metadata":{"emulator":{"name":"functions"},"function":{"name":"api"},"message":"[runtime-status] [10464] Resolved module firebase-admin {\"declared\":true,\"installed\":true,\"version\":\"8.13.0\",\"resolution\":\"C:\\\\Users\\\\meetv\\\\Desktop\\\\amzon project\\\\amazon-clone\\\\functions\\\\node_modules\\\\firebase-admin\\\\lib\\\\index.js\"}"}}
[debug] [2020-10-01T03:33:22.762Z] [runtime-status] [10464] Resolved module firebase-functions {"declared":true,"installed":true,"version":"3.11.0","resolution":"C:\\Users\\meetv\\Desktop\\amzon project\\amazon-clone\\functions\\node_modules\\firebase-functions\\lib\\index.js"} {"metadata":{"emulator":{"name":"functions"},"function":{"name":"api"},"message":"[runtime-status] [10464] Resolved module firebase-functions {\"declared\":true,\"installed\":true,\"version\":\"3.11.0\",\"resolution\":\"C:\\\\Users\\\\meetv\\\\Desktop\\\\amzon project\\\\amazon-clone\\\\functions\\\\node_modules\\\\firebase-functions\\\\lib\\\\index.js\"}"}}
[debug] [2020-10-01T03:33:22.765Z] [runtime-status] [10464] Resolved module firebase-functions {"declared":true,"installed":true,"version":"3.11.0","resolution":"C:\\Users\\meetv\\Desktop\\amzon project\\amazon-clone\\functions\\node_modules\\firebase-functions\\lib\\index.js"} {"metadata":{"emulator":{"name":"functions"},"function":{"name":"api"},"message":"[runtime-status] [10464] Resolved module firebase-functions {\"declared\":true,\"installed\":true,\"version\":\"3.11.0\",\"resolution\":\"C:\\\\Users\\\\meetv\\\\Desktop\\\\amzon project\\\\amazon-clone\\\\functions\\\\node_modules\\\\firebase-functions\\\\lib\\\\index.js\"}"}}
[debug] [2020-10-01T03:33:22.768Z] [runtime-status] [10464] Outgoing network have been stubbed. [{"name":"http","status":"mocked"},{"name":"http","status":"mocked"},{"name":"https","status":"mocked"},{"name":"https","status":"mocked"},{"name":"net","status":"mocked"}] {"metadata":{"emulator":{"name":"functions"},"function":{"name":"api"},"message":"[runtime-status] [10464] Outgoing network have been stubbed. [{\"name\":\"http\",\"status\":\"mocked\"},{\"name\":\"http\",\"status\":\"mocked\"},{\"name\":\"https\",\"status\":\"mocked\"},{\"name\":\"https\",\"status\":\"mocked\"},{\"name\":\"net\",\"status\":\"mocked\"}]"}}
[debug] [2020-10-01T03:33:22.770Z] [runtime-status] [10464] Resolved module firebase-functions {"declared":true,"installed":true,"version":"3.11.0","resolution":"C:\\Users\\meetv\\Desktop\\amzon project\\amazon-clone\\functions\\node_modules\\firebase-functions\\lib\\index.js"} {"metadata":{"emulator":{"name":"functions"},"function":{"name":"api"},"message":"[runtime-status] [10464] Resolved module firebase-functions {\"declared\":true,\"installed\":true,\"version\":\"3.11.0\",\"resolution\":\"C:\\\\Users\\\\meetv\\\\Desktop\\\\amzon project\\\\amazon-clone\\\\functions\\\\node_modules\\\\firebase-functions\\\\lib\\\\index.js\"}"}}
[debug] [2020-10-01T03:33:22.890Z] [runtime-status] [10464] Checked functions.config() {"config":{}} {"metadata":{"emulator":{"name":"functions"},"function":{"name":"api"},"message":"[runtime-status] [10464] Checked functions.config() {\"config\":{}}"}}
[debug] [2020-10-01T03:33:22.891Z] [runtime-status] [10464] firebase-functions has been stubbed. {"functionsResolution":{"declared":true,"installed":true,"version":"3.11.0","resolution":"C:\\Users\\meetv\\Desktop\\amzon project\\amazon-clone\\functions\\node_modules\\firebase-functions\\lib\\index.js"}} {"metadata":{"emulator":{"name":"functions"},"function":{"name":"api"},"message":"[runtime-status] [10464] firebase-functions has been stubbed. {\"functionsResolution\":{\"declared\":true,\"installed\":true,\"version\":\"3.11.0\",\"resolution\":\"C:\\\\Users\\\\meetv\\\\Desktop\\\\amzon project\\\\amazon-clone\\\\functions\\\\node_modules\\\\firebase-functions\\\\lib\\\\index.js\"}}"}}
[debug] [2020-10-01T03:33:22.892Z] [runtime-status] [10464] Resolved module firebase-functions {"declared":true,"installed":true,"version":"3.11.0","resolution":"C:\\Users\\meetv\\Desktop\\amzon project\\amazon-clone\\functions\\node_modules\\firebase-functions\\lib\\index.js"} {"metadata":{"emulator":{"name":"functions"},"function":{"name":"api"},"message":"[runtime-status] [10464] Resolved module firebase-functions {\"declared\":true,\"installed\":true,\"version\":\"3.11.0\",\"resolution\":\"C:\\\\Users\\\\meetv\\\\Desktop\\\\amzon project\\\\amazon-clone\\\\functions\\\\node_modules\\\\firebase-functions\\\\lib\\\\index.js\"}"}}
[debug] [2020-10-01T03:33:22.894Z] [runtime-status] [10464] Resolved module firebase-admin {"declared":true,"installed":true,"version":"8.13.0","resolution":"C:\\Users\\meetv\\Desktop\\amzon project\\amazon-clone\\functions\\node_modules\\firebase-admin\\lib\\index.js"} {"metadata":{"emulator":{"name":"functions"},"function":{"name":"api"},"message":"[runtime-status] [10464] Resolved module firebase-admin {\"declared\":true,\"installed\":true,\"version\":\"8.13.0\",\"resolution\":\"C:\\\\Users\\\\meetv\\\\Desktop\\\\amzon project\\\\amazon-clone\\\\functions\\\\node_modules\\\\firebase-admin\\\\lib\\\\index.js\"}"}}
[debug] [2020-10-01T03:33:22.896Z] [runtime-status] [10464] Resolved module firebase-functions {"declared":true,"installed":true,"version":"3.11.0","resolution":"C:\\Users\\meetv\\Desktop\\amzon project\\amazon-clone\\functions\\node_modules\\firebase-functions\\lib\\index.js"} {"metadata":{"emulator":{"name":"functions"},"function":{"name":"api"},"message":"[runtime-status] [10464] Resolved module firebase-functions {\"declared\":true,\"installed\":true,\"version\":\"3.11.0\",\"resolution\":\"C:\\\\Users\\\\meetv\\\\Desktop\\\\amzon project\\\\amazon-clone\\\\functions\\\\node_modules\\\\firebase-functions\\\\lib\\\\index.js\"}"}}
[debug] [2020-10-01T03:33:22.896Z] [runtime-status] [10464] firebase-admin has been stubbed. {"adminResolution":{"declared":true,"installed":true,"version":"8.13.0","resolution":"C:\\Users\\meetv\\Desktop\\amzon project\\amazon-clone\\functions\\node_modules\\firebase-admin\\lib\\index.js"}} {"metadata":{"emulator":{"name":"functions"},"function":{"name":"api"},"message":"[runtime-status] [10464] firebase-admin has been stubbed. {\"adminResolution\":{\"declared\":true,\"installed\":true,\"version\":\"8.13.0\",\"resolution\":\"C:\\\\Users\\\\meetv\\\\Desktop\\\\amzon project\\\\amazon-clone\\\\functions\\\\node_modules\\\\firebase-admin\\\\lib\\\\index.js\"}}"}}
[debug] [2020-10-01T03:33:23.341Z] [runtime-status] [10464] Trigger "api" has been found, beginning invocation! {"metadata":{"emulator":{"name":"functions"},"function":{"name":"api"},"message":"[runtime-status] [10464] Trigger \"api\" has been found, beginning invocation!"}}
[info] i  functions: Beginning execution of "api" {"metadata":{"emulator":{"name":"functions"},"function":{"name":"api"},"message":"Beginning execution of \"api\""}}
[debug] [2020-10-01T03:33:23.343Z] [runtime-status] [10464] triggerDefinition {"httpsTrigger":{},"name":"api","entryPoint":"api"} {"metadata":{"emulator":{"name":"functions"},"function":{"name":"api"},"message":"[runtime-status] [10464] triggerDefinition {\"httpsTrigger\":{},\"name\":\"api\",\"entryPoint\":\"api\"}"}}
[debug] [2020-10-01T03:33:23.344Z] [runtime-status] [10464] Running api in mode HTTPS {"metadata":{"emulator":{"name":"functions"},"function":{"name":"api"},"message":"[runtime-status] [10464] Running api in mode HTTPS"}}
[debug] [2020-10-01T03:33:23.353Z] [runtime-status] [10464] Attempting to listen to socketPath: \\?\pipe\C:\Users\meetv\Desktop\amzon project\amazon-clone\functions\10464 {"metadata":{"emulator":{"name":"functions"},"function":{"name":"api"},"message":"[runtime-status] [10464] Attempting to listen to socketPath: \\\\?\\pipe\\C:\\Users\\meetv\\Desktop\\amzon project\\amazon-clone\\functions\\10464"}}
[debug] [2020-10-01T03:33:23.361Z] [functions] Runtime ready! Sending request! {"metadata":{"emulator":{"name":"functions"},"message":"[functions] Runtime ready! Sending request!"}}
[debug] [2020-10-01T03:33:23.380Z] [runtime-status] [10464] Ephemeral server handling POST request {"metadata":{"emulator":{"name":"functions"},"function":{"name":"api"},"message":"[runtime-status] [10464] Ephemeral server handling POST request"}}
[info] >  req comes inpost.............. {"user":"req comes inpost..............","metadata":{"emulator":{"name":"functions"},"function":{"name":"api"},"message":"\u001b[90m> \u001b[39m req comes inpost.............."}}
[info] >  payment req recieve>>>>> 5998 {"user":"payment req recieve>>>>> 5998","metadata":{"emulator":{"name":"functions"},"function":{"name":"api"},"message":"\u001b[90m> \u001b[39m payment req recieve>>>>> 5998"}}
[debug] [2020-10-01T03:33:23.408Z] [runtime-status] [10464] Ephemeral server survived. {"metadata":{"emulator":{"name":"functions"},"function":{"name":"api"},"message":"[runtime-status] [10464] Ephemeral server survived."}}
[info] i  functions: Finished "api" in ~1s {"metadata":{"emulator":{"name":"functions"},"function":{"name":"api"},"message":"Finished \"api\" in ~1s"}}
[debug] [2020-10-01T03:33:25.144Z] [worker-api-a16f949c-8249-4561-9c48-f209e4802dc5]: IDLE {"metadata":{"emulator":{"name":"functions"},"message":"[worker-api-a16f949c-8249-4561-9c48-f209e4802dc5]: IDLE"}}
[debug] [2020-10-01T03:33:25.145Z] [work-queue] {"queueLength":0,"workRunningCount":0}
[debug] [2020-10-01T03:33:35.339Z] [work-queue] {"queueLength":1,"workRunningCount":0}
[debug] [2020-10-01T03:33:35.339Z] [work-queue] {"queueLength":0,"workRunningCount":1}
[debug] [2020-10-01T03:33:35.339Z] Accepted request POST /challange-c1266/us-central1/api/payments/create?total=0 --> api
[debug] [2020-10-01T03:33:35.339Z] [worker-pool] submitWork(triggerId=api) {"metadata":{"emulator":{"name":"functions"},"message":"[worker-pool] submitWork(triggerId=api)"}}
[debug] [2020-10-01T03:33:35.340Z] [worker-api-a16f949c-8249-4561-9c48-f209e4802dc5]: Assigning socketPath: \\?\pipe\C:\Users\meetv\Desktop\amzon project\amazon-clone\functions\10464 {"metadata":{"emulator":{"name":"functions"},"message":"[worker-api-a16f949c-8249-4561-9c48-f209e4802dc5]: Assigning socketPath: \\\\?\\pipe\\C:\\Users\\meetv\\Desktop\\amzon project\\amazon-clone\\functions\\10464"}}
[debug] [2020-10-01T03:33:35.340Z] [worker-api-a16f949c-8249-4561-9c48-f209e4802dc5]: BUSY {"metadata":{"emulator":{"name":"functions"},"message":"[worker-api-a16f949c-8249-4561-9c48-f209e4802dc5]: BUSY"}}
[debug] [2020-10-01T03:33:35.341Z] [runtime-status] [10464] Trigger "api" has been found, beginning invocation! {"metadata":{"emulator":{"name":"functions"},"function":{"name":"api"},"message":"[runtime-status] [10464] Trigger \"api\" has been found, beginning invocation!"}}
[info] i  functions: Beginning execution of "api" {"metadata":{"emulator":{"name":"functions"},"function":{"name":"api"},"message":"Beginning execution of \"api\""}}
[debug] [2020-10-01T03:33:35.343Z] [runtime-status] [10464] triggerDefinition {"httpsTrigger":{},"name":"api","entryPoint":"api"} {"metadata":{"emulator":{"name":"functions"},"function":{"name":"api"},"message":"[runtime-status] [10464] triggerDefinition {\"httpsTrigger\":{},\"name\":\"api\",\"entryPoint\":\"api\"}"}}
[debug] [2020-10-01T03:33:35.344Z] [runtime-status] [10464] Running api in mode HTTPS {"metadata":{"emulator":{"name":"functions"},"function":{"name":"api"},"message":"[runtime-status] [10464] Running api in mode HTTPS"}}
[debug] [2020-10-01T03:33:35.345Z] [runtime-status] [10464] Attempting to listen to socketPath: \\?\pipe\C:\Users\meetv\Desktop\amzon project\amazon-clone\functions\10464 {"metadata":{"emulator":{"name":"functions"},"function":{"name":"api"},"message":"[runtime-status] [10464] Attempting to listen to socketPath: \\\\?\\pipe\\C:\\Users\\meetv\\Desktop\\amzon project\\amazon-clone\\functions\\10464"}}
[debug] [2020-10-01T03:33:35.348Z] [functions] Runtime ready! Sending request! {"metadata":{"emulator":{"name":"functions"},"message":"[functions] Runtime ready! Sending request!"}}
[debug] [2020-10-01T03:33:35.359Z] [runtime-status] [10464] Ephemeral server handling POST request {"metadata":{"emulator":{"name":"functions"},"function":{"name":"api"},"message":"[runtime-status] [10464] Ephemeral server handling POST request"}}
[info] >  req comes inpost.............. {"user":"req comes inpost..............","metadata":{"emulator":{"name":"functions"},"function":{"name":"api"},"message":"\u001b[90m> \u001b[39m req comes inpost.............."}}
[info] >  payment req recieve>>>>> 0 {"user":"payment req recieve>>>>> 0","metadata":{"emulator":{"name":"functions"},"function":{"name":"api"},"message":"\u001b[90m> \u001b[39m payment req recieve>>>>> 0"}}
[debug] [2020-10-01T03:33:35.397Z] [runtime-status] [10464] Ephemeral server survived. {"metadata":{"emulator":{"name":"functions"},"function":{"name":"api"},"message":"[runtime-status] [10464] Ephemeral server survived."}}
[info] >  (node:10464) UnhandledPromiseRejectionWarning: Error: This value must be greater than or equal to 1. {"user":"(node:10464) UnhandledPromiseRejectionWarning: Error: This value must be greater than or equal to 1.","metadata":{"emulator":{"name":"functions"},"function":{"name":"api"},"message":"\u001b[90m> \u001b[39m (node:10464) UnhandledPromiseRejectionWarning: Error: This value must be greater than or equal to 1."}}
[info] >      at Function.generate (C:\Users\meetv\Desktop\amzon project\amazon-clone\functions\node_modules\stripe\lib\Error.js:39:16) {"user":"    at Function.generate (C:\\Users\\meetv\\Desktop\\amzon project\\amazon-clone\\functions\\node_modules\\stripe\\lib\\Error.js:39:16)","metadata":{"emulator":{"name":"functions"},"function":{"name":"api"},"message":"\u001b[90m> \u001b[39m     at Function.generate (C:\\Users\\meetv\\Desktop\\amzon project\\amazon-clone\\functions\\node_modules\\stripe\\lib\\Error.js:39:16)"}}
[info] >      at IncomingMessage.<anonymous> (C:\Users\meetv\Desktop\amzon project\amazon-clone\functions\node_modules\stripe\lib\StripeResource.js:190:33) {"user":"    at IncomingMessage.<anonymous> (C:\\Users\\meetv\\Desktop\\amzon project\\amazon-clone\\functions\\node_modules\\stripe\\lib\\StripeResource.js:190:33)","metadata":{"emulator":{"name":"functions"},"function":{"name":"api"},"message":"\u001b[90m> \u001b[39m     at IncomingMessage.<anonymous> (C:\\Users\\meetv\\Desktop\\amzon project\\amazon-clone\\functions\\node_modules\\stripe\\lib\\StripeResource.js:190:33)"}}
[info] >      at Object.onceWrapper (events.js:421:28) {"user":"    at Object.onceWrapper (events.js:421:28)","metadata":{"emulator":{"name":"functions"},"function":{"name":"api"},"message":"\u001b[90m> \u001b[39m     at Object.onceWrapper (events.js:421:28)"}}
[info] >      at IncomingMessage.emit (events.js:327:22) {"user":"    at IncomingMessage.emit (events.js:327:22)","metadata":{"emulator":{"name":"functions"},"function":{"name":"api"},"message":"\u001b[90m> \u001b[39m     at IncomingMessage.emit (events.js:327:22)"}}
[info] >      at endReadableNT (_stream_readable.js:1220:12) {"user":"    at endReadableNT (_stream_readable.js:1220:12)","metadata":{"emulator":{"name":"functions"},"function":{"name":"api"},"message":"\u001b[90m> \u001b[39m     at endReadableNT (_stream_readable.js:1220:12)"}}
[info] >      at processTicksAndRejections (internal/process/task_queues.js:84:21) {"user":"    at processTicksAndRejections (internal/process/task_queues.js:84:21)","metadata":{"emulator":{"name":"functions"},"function":{"name":"api"},"message":"\u001b[90m> \u001b[39m     at processTicksAndRejections (internal/process/task_queues.js:84:21)"}}
[info] >  (node:10464) UnhandledPromiseRejectionWarning: Unhandled promise rejection. This error originated either by throwing inside of an async function without a catch block, or by rejecting a promise which was not handled with .catch(). To terminate the node process on unhandled promise rejection, use the CLI flag `--unhandled-rejections=strict` (see https://nodejs.org/api/cli.html#cli_unhandled_rejections_mode). (rejection id: 1) {"user":"(node:10464) UnhandledPromiseRejectionWarning: Unhandled promise rejection. This error originated either by throwing inside of an async function without a catch block, or by rejecting a promise which was not handled with .catch(). To terminate the node process on unhandled promise rejection, use the CLI flag `--unhandled-rejections=strict` (see https://nodejs.org/api/cli.html#cli_unhandled_rejections_mode). (rejection id: 1)","metadata":{"emulator":{"name":"functions"},"function":{"name":"api"},"message":"\u001b[90m> \u001b[39m (node:10464) UnhandledPromiseRejectionWarning: Unhandled promise rejection. This error originated either by throwing inside of an async function without a catch block, or by rejecting a promise which was not handled with .catch(). To terminate the node process on unhandled promise rejection, use the CLI flag `--unhandled-rejections=strict` (see https://nodejs.org/api/cli.html#cli_unhandled_rejections_mode). (rejection id: 1)"}}
[info] >  (node:10464) [DEP0018] DeprecationWarning: Unhandled promise rejections are deprecated. In the future, promise rejections that are not handled will terminate the Node.js process with a non-zero exit code. {"user":"(node:10464) [DEP0018] DeprecationWarning: Unhandled promise rejections are deprecated. In the future, promise rejections that are not handled will terminate the Node.js process with a non-zero exit code.","metadata":{"emulator":{"name":"functions"},"function":{"name":"api"},"message":"\u001b[90m> \u001b[39m (node:10464) [DEP0018] DeprecationWarning: Unhandled promise rejections are deprecated. In the future, promise rejections that are not handled will terminate the Node.js process with a non-zero exit code."}}
[warn] !  functions: Your function timed out after ~60s. To configure this timeout, see
      https://firebase.google.com/docs/functions/manage-functions#set_timeout_and_memory_allocation. {"metadata":{"emulator":{"name":"functions"},"function":{"name":"api"},"message":"Your function timed out after ~60s. To configure this timeout, see\n      https://firebase.google.com/docs/functions/manage-functions#set_timeout_and_memory_allocation."}}
[info] >  C:\Users\meetv\AppData\Roaming\npm\node_modules\firebase-tools\lib\emulator\functionsEmulatorRuntime.js:642 {"user":"C:\\Users\\meetv\\AppData\\Roaming\\npm\\node_modules\\firebase-tools\\lib\\emulator\\functionsEmulatorRuntime.js:642\r","metadata":{"emulator":{"name":"functions"},"function":{"name":"api"},"message":"\u001b[90m> \u001b[39m C:\\Users\\meetv\\AppData\\Roaming\\npm\\node_modules\\firebase-tools\\lib\\emulator\\functionsEmulatorRuntime.js:642\r"}}
[info] >                  throw new Error("Function timed out."); {"user":"                throw new Error(\"Function timed out.\");\r","metadata":{"emulator":{"name":"functions"},"function":{"name":"api"},"message":"\u001b[90m> \u001b[39m                 throw new Error(\"Function timed out.\");\r"}}
[info] >                  ^ {"user":"                ^\r","metadata":{"emulator":{"name":"functions"},"function":{"name":"api"},"message":"\u001b[90m> \u001b[39m                 ^\r"}}
[info] >   {"user":"\r","metadata":{"emulator":{"name":"functions"},"function":{"name":"api"},"message":"\u001b[90m> \u001b[39m \r"}}
[info] >  Error: Function timed out. {"user":"Error: Function timed out.\r","metadata":{"emulator":{"name":"functions"},"function":{"name":"api"},"message":"\u001b[90m> \u001b[39m Error: Function timed out.\r"}}
[info] >      at Timeout._onTimeout (C:\Users\meetv\AppData\Roaming\npm\node_modules\firebase-tools\lib\emulator\functionsEmulatorRuntime.js:642:23) {"user":"    at Timeout._onTimeout (C:\\Users\\meetv\\AppData\\Roaming\\npm\\node_modules\\firebase-tools\\lib\\emulator\\functionsEmulatorRuntime.js:642:23)\r","metadata":{"emulator":{"name":"functions"},"function":{"name":"api"},"message":"\u001b[90m> \u001b[39m     at Timeout._onTimeout (C:\\Users\\meetv\\AppData\\Roaming\\npm\\node_modules\\firebase-tools\\lib\\emulator\\functionsEmulatorRuntime.js:642:23)\r"}}
[info] >      at listOnTimeout (internal/timers.js:549:17) {"user":"    at listOnTimeout (internal/timers.js:549:17)\r","metadata":{"emulator":{"name":"functions"},"function":{"name":"api"},"message":"\u001b[90m> \u001b[39m     at listOnTimeout (internal/timers.js:549:17)\r"}}
[info] >      at processTimers (internal/timers.js:492:7) {"user":"    at processTimers (internal/timers.js:492:7)\r","metadata":{"emulator":{"name":"functions"},"function":{"name":"api"},"message":"\u001b[90m> \u001b[39m     at processTimers (internal/timers.js:492:7)\r"}}
[debug] [2020-10-01T03:34:35.421Z] [worker-api-a16f949c-8249-4561-9c48-f209e4802dc5]: exited {"metadata":{"emulator":{"name":"functions"},"message":"[worker-api-a16f949c-8249-4561-9c48-f209e4802dc5]: exited"}}
[debug] [2020-10-01T03:34:35.421Z] [worker-api-a16f949c-8249-4561-9c48-f209e4802dc5]: FINISHED {"metadata":{"emulator":{"name":"functions"},"message":"[worker-api-a16f949c-8249-4561-9c48-f209e4802dc5]: FINISHED"}}
[debug] [2020-10-01T03:34:35.421Z] [work-queue] {"queueLength":0,"workRunningCount":0}
[debug] [2020-10-01T05:01:42.722Z] [worker-~diagnostic~-8fe0cd65-38c9-4feb-a514-e69bfc691bc2]: exited {"metadata":{"emulator":{"name":"functions"},"message":"[worker-~diagnostic~-8fe0cd65-38c9-4feb-a514-e69bfc691bc2]: exited"}}
